<?xml version="1.0" encoding="UTF-8"?>
<!-- Generated by org.testng.reporters.JUnitReportReporter -->
<testsuite skipped="0" hostname="LAPTOP-9GVIJ250" name="com.mycompany.app.App" tests="1" failures="0" timestamp="21 Mar 2019 15:46:12 GMT" time="83.406" errors="0">
  <testcase name="Open_Browser" time="83.406" classname="com.mycompany.app.App"/>
</testsuite> <!-- com.mycompany.app.App -->
